#
# There is insufficient memory for the Java Runtime Environment to continue.
# Native memory allocation (malloc) failed to allocate 265136 bytes for Chunk::new
# Possible reasons:
#   The system is out of physical RAM or swap space
#   The process is running with CompressedOops enabled, and the Java Heap may be blocking the growth of the native heap
# Possible solutions:
#   Reduce memory load on the system
#   Increase physical memory or swap space
#   Check if swap backing store is full
#   Decrease Java heap size (-Xmx/-Xms)
#   Decrease number of Java threads
#   Decrease Java thread stack sizes (-Xss)
#   Set larger code cache with -XX:ReservedCodeCacheSize=
#   JVM is running with Unscaled Compressed Oops mode in which the Java heap is
#     placed in the first 4GB address space. The Java Heap base address is the
#     maximum limit for the native heap growth. Please use -XX:HeapBaseMinAddress
#     to set the Java Heap base and to place the Java Heap above 4GB virtual address.
# This output file may be truncated or incomplete.
#
#  Out of Memory Error (allocation.cpp:389), pid=22336, tid=0x0000000000005170
#
# JRE version: Java(TM) SE Runtime Environment (8.0_202-b08) (build 1.8.0_202-b08)
# Java VM: Java HotSpot(TM) 64-Bit Server VM (25.202-b08 mixed mode windows-amd64 compressed oops)
# Failed to write core dump. Minidumps are not enabled by default on client versions of Windows
#

---------------  T H R E A D  ---------------

Current thread (0x0000000017e5c000):  JavaThread "C2 CompilerThread0" daemon [_thread_in_native, id=20848, stack(0x0000000019990000,0x0000000019a90000)]

Stack: [0x0000000019990000,0x0000000019a90000]
[error occurred during error reporting (printing stack bounds), id 0xc0000005]

Native frames: (J=compiled Java code, j=interpreted, Vv=VM code, C=native code)


Current CompileTask:
C2:  54256 4637       4       org.apache.xmlbeans.impl.store.Cur::next (297 bytes)


---------------  P R O C E S S  ---------------

Java Threads: ( => current thread )
  0x000000001b6c7800 JavaThread "Exec Stream Pumper" daemon [_thread_in_native, id=34572, stack(0x0000000022110000,0x0000000022210000)]
  0x000000001b6c3000 JavaThread "Exec Stream Pumper" daemon [_thread_in_native, id=17968, stack(0x0000000022010000,0x0000000022110000)]
  0x000000001b6c7000 JavaThread "Exec Stream Pumper" daemon [_thread_in_native, id=33000, stack(0x0000000021f10000,0x0000000022010000)]
  0x000000001b6bf000 JavaThread "Exec Stream Pumper" daemon [_thread_in_native, id=22996, stack(0x0000000021e10000,0x0000000021f10000)]
  0x000000001b6c2800 JavaThread "Exec Default Executor" daemon [_thread_in_native, id=4072, stack(0x0000000021d10000,0x0000000021e10000)]
  0x000000001b6c0000 JavaThread "Exec Default Executor" daemon [_thread_in_native, id=28076, stack(0x0000000021c10000,0x0000000021d10000)]
  0x000000001b6c6000 JavaThread "Exec Stream Pumper" daemon [_thread_in_native, id=33668, stack(0x0000000021910000,0x0000000021a10000)]
  0x000000001b6c4800 JavaThread "Exec Stream Pumper" daemon [_thread_in_native, id=21908, stack(0x0000000021810000,0x0000000021910000)]
  0x000000001b6c5800 JavaThread "Exec Default Executor" daemon [_thread_in_native, id=30440, stack(0x000000001bba0000,0x000000001bca0000)]
  0x000000001b6c4000 JavaThread "Okio Watchdog" daemon [_thread_blocked, id=33624, stack(0x000000001ef70000,0x000000001f070000)]
  0x000000001b83d800 JavaThread "OkHttp ConnectionPool" daemon [_thread_blocked, id=27392, stack(0x000000001ee70000,0x000000001ef70000)]
  0x000000001b83d000 JavaThread "Exec Stream Pumper" daemon [_thread_in_native, id=31648, stack(0x000000001eb70000,0x000000001ec70000)]
  0x000000001b83e800 JavaThread "Exec Stream Pumper" daemon [_thread_in_native, id=27192, stack(0x000000001ea70000,0x000000001eb70000)]
  0x000000001b843000 JavaThread "Exec Stream Pumper" daemon [_thread_in_native, id=27140, stack(0x000000001e970000,0x000000001ea70000)]
  0x000000001b841800 JavaThread "Exec Stream Pumper" daemon [_thread_in_native, id=18464, stack(0x000000001e870000,0x000000001e970000)]
  0x000000001b840000 JavaThread "Exec Stream Pumper" daemon [_thread_in_native, id=26484, stack(0x000000001e770000,0x000000001e870000)]
  0x000000001b842800 JavaThread "Exec Stream Pumper" daemon [_thread_in_native, id=28416, stack(0x000000001e670000,0x000000001e770000)]
  0x000000001b840800 JavaThread "UrlChecker-3" daemon [_thread_blocked, id=34396, stack(0x000000001d3a0000,0x000000001d4a0000)]
  0x000000001b83f000 JavaThread "UrlChecker-4" daemon [_thread_blocked, id=19928, stack(0x000000001d2a0000,0x000000001d3a0000)]
  0x000000001b83c000 JavaThread "UrlChecker-2" daemon [_thread_blocked, id=8276, stack(0x000000001d1a0000,0x000000001d2a0000)]
  0x000000001a023800 JavaThread "Exec Default Executor" daemon [_thread_in_native, id=28212, stack(0x000000001d0a0000,0x000000001d1a0000)]
  0x000000001b7eb000 JavaThread "Exec Default Executor" daemon [_thread_in_native, id=32716, stack(0x000000001cfa0000,0x000000001d0a0000)]
  0x000000001ae17800 JavaThread "Exec Default Executor" daemon [_thread_in_native, id=25744, stack(0x000000001cea0000,0x000000001cfa0000)]
  0x000000001b5c7000 JavaThread "PoolService-2" [_thread_in_Java, id=22760, stack(0x000000001c9a0000,0x000000001caa0000)]
  0x000000001b5c4000 JavaThread "Forwarding isElementDisplayed on session 019b28f3cc1a87defd75f1f585362aca to remote" [_thread_in_native, id=24116, stack(0x000000001c8a0000,0x000000001c9a0000)]
  0x000000001b4f4000 JavaThread "Forwarding isElementDisplayed on session 02dbb766d2eb37922685674d9751592e to remote" [_thread_in_native, id=13880, stack(0x000000001c7a0000,0x000000001c8a0000)]
  0x000000001abe8800 JavaThread "TestNG" [_thread_blocked, id=34588, stack(0x000000001bea0000,0x000000001bfa0000)]
  0x0000000019518800 JavaThread "Service Thread" daemon [_thread_blocked, id=30856, stack(0x0000000019c90000,0x0000000019d90000)]
  0x0000000017e8e000 JavaThread "C1 CompilerThread2" daemon [_thread_blocked, id=34220, stack(0x0000000019b90000,0x0000000019c90000)]
  0x0000000017e5f000 JavaThread "C2 CompilerThread1" daemon [_thread_in_vm, id=34080, stack(0x0000000019a90000,0x0000000019b90000)]
=>0x0000000017e5c000 JavaThread "C2 CompilerThread0" daemon [_thread_in_native, id=20848, stack(0x0000000019990000,0x0000000019a90000)]
  0x0000000017e4f800 JavaThread "Monitor Ctrl-Break" daemon [_thread_in_native, id=18216, stack(0x0000000019890000,0x0000000019990000)]
  0x0000000017e3c000 JavaThread "Attach Listener" daemon [_thread_blocked, id=24284, stack(0x0000000019390000,0x0000000019490000)]
  0x0000000017e3a800 JavaThread "Signal Dispatcher" daemon [_thread_blocked, id=17600, stack(0x0000000019290000,0x0000000019390000)]
  0x000000000330a000 JavaThread "Finalizer" daemon [_thread_blocked, id=9204, stack(0x0000000019090000,0x0000000019190000)]
  0x0000000017e1a000 JavaThread "Reference Handler" daemon [_thread_blocked, id=34300, stack(0x0000000018f90000,0x0000000019090000)]
  0x000000000300d000 JavaThread "main" [_thread_blocked, id=28220, stack(0x0000000003010000,0x0000000003110000)]

Other Threads:
  0x0000000017df8000 VMThread [stack: 0x0000000018e90000,0x0000000018f90000] [id=12492]
  0x0000000019542000 WatcherThread [stack: 0x0000000019d90000,0x0000000019e90000] [id=14044]

VM state:not at safepoint (normal execution)

VM Mutex/Monitor currently owned by a thread: None

heap address: 0x0000000081e00000, size: 2018 MB, Compressed Oops mode: 32-bit
Narrow klass base: 0x0000000000000000, Narrow klass shift: 3
Compressed class space size: 1073741824 Address: 0x0000000100000000

Heap:
 PSYoungGen      total 182272K, used 105664K [0x00000000d5f80000, 0x00000000e2000000, 0x0000000100000000)
  eden space 175616K, 57% used [0x00000000d5f80000,0x00000000dc18f268,0x00000000e0b00000)
  from space 6656K, 78% used [0x00000000e1980000,0x00000000e1ea10b8,0x00000000e2000000)
  to   space 10752K, 0% used [0x00000000e0b00000,0x00000000e0b00000,0x00000000e1580000)
 ParOldGen       total 75264K, used 13378K [0x0000000081e00000, 0x0000000086780000, 0x00000000d5f80000)
  object space 75264K, 17% used [0x0000000081e00000,0x0000000082b109e8,0x0000000086780000)
 Metaspace       used 36064K, capacity 37686K, committed 38016K, reserved 1083392K
  class space    used 4303K, capacity 4671K, committed 4736K, reserved 1048576K

Card table byte_map: [0x00000000126d0000,0x0000000012ad0000] byte_map_base: 0x00000000122c1000

Marking Bits: (ParMarkBitMap*) 0x0000000065225ce0
 Begin Bits: [0x0000000013180000, 0x0000000015108000)
 End Bits:   [0x0000000015108000, 0x0000000017090000)

Polling page: 0x00000000015c0000

CodeCache: size=245760Kb used=13241Kb max_used=13253Kb free=232518Kb
 bounds [0x0000000003310000, 0x0000000004020000, 0x0000000012310000]
 total_blobs=4544 nmethods=4054 adapters=402
 compilation: enabled

Compilation events (10 events):
Event: 54.246 Thread 0x0000000017e8e000 4649       2       java.util.TreeMap$Values::iterator (19 bytes)
Event: 54.246 Thread 0x0000000017e8e000 nmethod 4649 0x000000000400b110 code [0x000000000400b280, 0x000000000400b4f0]
Event: 54.247 Thread 0x0000000017e8e000 4650       3       org.apache.xmlbeans.impl.store.Cur$CurLoadContext::xmlns (101 bytes)
Event: 54.248 Thread 0x0000000017e8e000 nmethod 4650 0x000000000400ca10 code [0x000000000400cc40, 0x000000000400d988]
Event: 54.248 Thread 0x0000000017e8e000 4651       3       org.apache.xmlbeans.impl.store.Locale::createXmlns (37 bytes)
Event: 54.248 Thread 0x0000000017e8e000 nmethod 4651 0x000000000400a3d0 code [0x000000000400a5a0, 0x000000000400ad58]
Event: 54.248 Thread 0x0000000017e8e000 4652       3       org.apache.xmlbeans.impl.store.Locale::makeQName (22 bytes)
Event: 54.249 Thread 0x0000000017e8e000 nmethod 4652 0x000000000400df10 code [0x000000000400e080, 0x000000000400e388]
Event: 54.249 Thread 0x0000000017e5f000 nmethod 4644 0x0000000004011390 code [0x00000000040114e0, 0x0000000004011758]
Event: 54.249 Thread 0x0000000017e5f000 4643       4       org.apache.xmlbeans.impl.store.Cur::getParent (154 bytes)

GC Heap History (10 events):
Event: 6.147 GC heap before
{Heap before GC invocations=6 (full 1):
 PSYoungGen      total 71680K, used 66560K [0x00000000d5f80000, 0x00000000daa80000, 0x0000000100000000)
  eden space 66560K, 100% used [0x00000000d5f80000,0x00000000da080000,0x00000000da080000)
  from space 5120K, 0% used [0x00000000da580000,0x00000000da580000,0x00000000daa80000)
  to   space 5120K, 0% used [0x00000000da080000,0x00000000da080000,0x00000000da580000)
 ParOldGen       total 53760K, used 6104K [0x0000000081e00000, 0x0000000085280000, 0x00000000d5f80000)
  object space 53760K, 11% used [0x0000000081e00000,0x00000000823f6010,0x0000000085280000)
 Metaspace       used 25476K, capacity 26684K, committed 26880K, reserved 1073152K
  class space    used 3007K, capacity 3278K, committed 3328K, reserved 1048576K
Event: 6.158 GC heap after
Heap after GC invocations=6 (full 1):
 PSYoungGen      total 71680K, used 5093K [0x00000000d5f80000, 0x00000000ddd80000, 0x0000000100000000)
  eden space 66560K, 0% used [0x00000000d5f80000,0x00000000d5f80000,0x00000000da080000)
  from space 5120K, 99% used [0x00000000da080000,0x00000000da579700,0x00000000da580000)
  to   space 8704K, 0% used [0x00000000dd500000,0x00000000dd500000,0x00000000ddd80000)
 ParOldGen       total 53760K, used 7935K [0x0000000081e00000, 0x0000000085280000, 0x00000000d5f80000)
  object space 53760K, 14% used [0x0000000081e00000,0x00000000825bfc40,0x0000000085280000)
 Metaspace       used 25476K, capacity 26684K, committed 26880K, reserved 1073152K
  class space    used 3007K, capacity 3278K, committed 3328K, reserved 1048576K
}
Event: 20.095 GC heap before
{Heap before GC invocations=7 (full 1):
 PSYoungGen      total 71680K, used 71653K [0x00000000d5f80000, 0x00000000ddd80000, 0x0000000100000000)
  eden space 66560K, 100% used [0x00000000d5f80000,0x00000000da080000,0x00000000da080000)
  from space 5120K, 99% used [0x00000000da080000,0x00000000da579700,0x00000000da580000)
  to   space 8704K, 0% used [0x00000000dd500000,0x00000000dd500000,0x00000000ddd80000)
 ParOldGen       total 53760K, used 7935K [0x0000000081e00000, 0x0000000085280000, 0x00000000d5f80000)
  object space 53760K, 14% used [0x0000000081e00000,0x00000000825bfc40,0x0000000085280000)
 Metaspace       used 31944K, capacity 33580K, committed 33664K, reserved 1079296K
  class space    used 3854K, capacity 4198K, committed 4224K, reserved 1048576K
Event: 20.223 GC heap after
Heap after GC invocations=7 (full 1):
 PSYoungGen      total 118272K, used 8686K [0x00000000d5f80000, 0x00000000ddf80000, 0x0000000100000000)
  eden space 109568K, 0% used [0x00000000d5f80000,0x00000000d5f80000,0x00000000dca80000)
  from space 8704K, 99% used [0x00000000dd500000,0x00000000ddd7b928,0x00000000ddd80000)
  to   space 10752K, 0% used [0x00000000dca80000,0x00000000dca80000,0x00000000dd500000)
 ParOldGen       total 53760K, used 9652K [0x0000000081e00000, 0x0000000085280000, 0x00000000d5f80000)
  object space 53760K, 17% used [0x0000000081e00000,0x000000008276d248,0x0000000085280000)
 Metaspace       used 31944K, capacity 33580K, committed 33664K, reserved 1079296K
  class space    used 3854K, capacity 4198K, committed 4224K, reserved 1048576K
}
Event: 21.164 GC heap before
{Heap before GC invocations=8 (full 1):
 PSYoungGen      total 118272K, used 35477K [0x00000000d5f80000, 0x00000000ddf80000, 0x0000000100000000)
  eden space 109568K, 24% used [0x00000000d5f80000,0x00000000d79a9c40,0x00000000dca80000)
  from space 8704K, 99% used [0x00000000dd500000,0x00000000ddd7b928,0x00000000ddd80000)
  to   space 10752K, 0% used [0x00000000dca80000,0x00000000dca80000,0x00000000dd500000)
 ParOldGen       total 53760K, used 9652K [0x0000000081e00000, 0x0000000085280000, 0x00000000d5f80000)
  object space 53760K, 17% used [0x0000000081e00000,0x000000008276d248,0x0000000085280000)
 Metaspace       used 33681K, capacity 35306K, committed 35456K, reserved 1081344K
  class space    used 4084K, capacity 4427K, committed 4480K, reserved 1048576K
Event: 21.177 GC heap after
Heap after GC invocations=8 (full 1):
 PSYoungGen      total 120320K, used 8559K [0x00000000d5f80000, 0x00000000e2400000, 0x0000000100000000)
  eden space 109568K, 0% used [0x00000000d5f80000,0x00000000d5f80000,0x00000000dca80000)
  from space 10752K, 79% used [0x00000000dca80000,0x00000000dd2dbef8,0x00000000dd500000)
  to   space 10752K, 0% used [0x00000000e1980000,0x00000000e1980000,0x00000000e2400000)
 ParOldGen       total 53760K, used 9660K [0x0000000081e00000, 0x0000000085280000, 0x00000000d5f80000)
  object space 53760K, 17% used [0x0000000081e00000,0x000000008276f248,0x0000000085280000)
 Metaspace       used 33681K, capacity 35306K, committed 35456K, reserved 1081344K
  class space    used 4084K, capacity 4427K, committed 4480K, reserved 1048576K
}
Event: 21.178 GC heap before
{Heap before GC invocations=9 (full 2):
 PSYoungGen      total 120320K, used 8559K [0x00000000d5f80000, 0x00000000e2400000, 0x0000000100000000)
  eden space 109568K, 0% used [0x00000000d5f80000,0x00000000d5f80000,0x00000000dca80000)
  from space 10752K, 79% used [0x00000000dca80000,0x00000000dd2dbef8,0x00000000dd500000)
  to   space 10752K, 0% used [0x00000000e1980000,0x00000000e1980000,0x00000000e2400000)
 ParOldGen       total 53760K, used 9660K [0x0000000081e00000, 0x0000000085280000, 0x00000000d5f80000)
  object space 53760K, 17% used [0x0000000081e00000,0x000000008276f248,0x0000000085280000)
 Metaspace       used 33681K, capacity 35306K, committed 35456K, reserved 1081344K
  class space    used 4084K, capacity 4427K, committed 4480K, reserved 1048576K
Event: 21.281 GC heap after
Heap after GC invocations=9 (full 2):
 PSYoungGen      total 120320K, used 0K [0x00000000d5f80000, 0x00000000e2400000, 0x0000000100000000)
  eden space 109568K, 0% used [0x00000000d5f80000,0x00000000d5f80000,0x00000000dca80000)
  from space 10752K, 0% used [0x00000000dca80000,0x00000000dca80000,0x00000000dd500000)
  to   space 10752K, 0% used [0x00000000e1980000,0x00000000e1980000,0x00000000e2400000)
 ParOldGen       total 75264K, used 13370K [0x0000000081e00000, 0x0000000086780000, 0x00000000d5f80000)
  object space 75264K, 17% used [0x0000000081e00000,0x0000000082b0e9e8,0x0000000086780000)
 Metaspace       used 33504K, capacity 34846K, committed 35456K, reserved 1081344K
  class space    used 4022K, capacity 4321K, committed 4480K, reserved 1048576K
}
Event: 32.100 GC heap before
{Heap before GC invocations=10 (full 2):
 PSYoungGen      total 120320K, used 109568K [0x00000000d5f80000, 0x00000000e2400000, 0x0000000100000000)
  eden space 109568K, 100% used [0x00000000d5f80000,0x00000000dca80000,0x00000000dca80000)
  from space 10752K, 0% used [0x00000000dca80000,0x00000000dca80000,0x00000000dd500000)
  to   space 10752K, 0% used [0x00000000e1980000,0x00000000e1980000,0x00000000e2400000)
 ParOldGen       total 75264K, used 13370K [0x0000000081e00000, 0x0000000086780000, 0x00000000d5f80000)
  object space 75264K, 17% used [0x0000000081e00000,0x0000000082b0e9e8,0x0000000086780000)
 Metaspace       used 35589K, capacity 37080K, committed 37504K, reserved 1081344K
  class space    used 4270K, capacity 4568K, committed 4736K, reserved 1048576K
Event: 32.109 GC heap after
Heap after GC invocations=10 (full 2):
 PSYoungGen      total 182272K, used 5252K [0x00000000d5f80000, 0x00000000e2000000, 0x0000000100000000)
  eden space 175616K, 0% used [0x00000000d5f80000,0x00000000d5f80000,0x00000000e0b00000)
  from space 6656K, 78% used [0x00000000e1980000,0x00000000e1ea10b8,0x00000000e2000000)
  to   space 10752K, 0% used [0x00000000e0b00000,0x00000000e0b00000,0x00000000e1580000)
 ParOldGen       total 75264K, used 13378K [0x0000000081e00000, 0x0000000086780000, 0x00000000d5f80000)
  object space 75264K, 17% used [0x0000000081e00000,0x0000000082b109e8,0x0000000086780000)
 Metaspace       used 35589K, capacity 37080K, committed 37504K, reserved 1081344K
  class space    used 4270K, capacity 4568K, committed 4736K, reserved 1048576K
}

Deoptimization events (10 events):
Event: 37.187 Thread 0x000000001b4f4000 Uncommon trap: reason=unstable_if action=reinterpret pc=0x000000000368a29c method=org.apache.xmlbeans.impl.store.CharUtil.allocate(I)[C @ 141
Event: 37.188 Thread 0x000000001b4f4000 Uncommon trap: reason=unstable_if action=reinterpret pc=0x0000000003deb034 method=org.apache.xmlbeans.impl.store.CharUtil.allocate(I)[C @ 10
Event: 37.189 Thread 0x000000001b4f4000 Uncommon trap: reason=class_check action=maybe_recompile pc=0x000000000349ac70 method=org.apache.xmlbeans.impl.store.CharUtil.isValid(Ljava/lang/Object;II)Z @ 64
Event: 37.266 Thread 0x000000001b4f4000 Uncommon trap: reason=bimorphic action=maybe_recompile pc=0x0000000003e27b08 method=org.apache.xmlbeans.impl.store.Xobj.compute_flags()I @ 29
Event: 37.267 Thread 0x000000001b4f4000 Uncommon trap: reason=unstable_if action=reinterpret pc=0x0000000003e26b1c method=org.apache.xmlbeans.impl.values.XmlObjectBase.get_attributeflags(Ljavax/xml/namespace/QName;)I @ 32
Event: 39.279 Thread 0x000000001b5c7000 Uncommon trap: reason=unstable_if action=reinterpret pc=0x0000000003691644 method=sun.nio.cs.UTF_8$Decoder.decode([BII[C)I @ 30
Event: 39.300 Thread 0x000000001b5c7000 Uncommon trap: reason=unstable_if action=reinterpret pc=0x0000000003b85444 method=java.util.regex.Pattern.sequence(Ljava/util/regex/Pattern$Node;)Ljava/util/regex/Pattern$Node; @ 388
Event: 39.313 Thread 0x000000001b5c7000 Uncommon trap: reason=class_check action=maybe_recompile pc=0x0000000003e17058 method=java.util.stream.IntPipeline$4$1.accept(I)V @ 12
Event: 39.452 Thread 0x000000001b5c4000 Uncommon trap: reason=class_check action=maybe_recompile pc=0x0000000003e17058 method=java.util.stream.IntPipeline$4$1.accept(I)V @ 12
Event: 52.812 Thread 0x000000001b5c4000 Uncommon trap: reason=class_check action=maybe_recompile pc=0x000000000349ac70 method=org.apache.xmlbeans.impl.store.CharUtil.isValid(Ljava/lang/Object;II)Z @ 64

Classes redefined (0 events):
No events

Internal exceptions (10 events):
Event: 47.517 Thread 0x000000001b4f4000 Exception <a 'java/net/SocketTimeoutException': Read timed out> (0x00000000d9a92968) thrown at [C:\re\workspace\8-2-build-windows-amd64-cygwin\jdk8u202\12323\hotspot\src\share\vm\prims\jni.cpp, line 736]
Event: 47.548 Thread 0x000000001b4f4000 Exception <a 'java/net/SocketTimeoutException': Read timed out> (0x00000000d9ec7f80) thrown at [C:\re\workspace\8-2-build-windows-amd64-cygwin\jdk8u202\12323\hotspot\src\share\vm\prims\jni.cpp, line 736]
Event: 48.086 Thread 0x000000001b4f4000 Exception <a 'java/net/SocketTimeoutException': Read timed out> (0x00000000da2f8e18) thrown at [C:\re\workspace\8-2-build-windows-amd64-cygwin\jdk8u202\12323\hotspot\src\share\vm\prims\jni.cpp, line 736]
Event: 48.529 Thread 0x000000001b5c7000 Exception <a 'java/net/SocketTimeoutException': Read timed out> (0x00000000d90ea650) thrown at [C:\re\workspace\8-2-build-windows-amd64-cygwin\jdk8u202\12323\hotspot\src\share\vm\prims\jni.cpp, line 736]
Event: 48.544 Thread 0x000000001b5c7000 Exception <a 'java/net/SocketTimeoutException': Read timed out> (0x00000000d90ff0d8) thrown at [C:\re\workspace\8-2-build-windows-amd64-cygwin\jdk8u202\12323\hotspot\src\share\vm\prims\jni.cpp, line 736]
Event: 50.902 Thread 0x000000001b4f4000 Exception <a 'java/net/SocketTimeoutException': Read timed out> (0x00000000da71d5d0) thrown at [C:\re\workspace\8-2-build-windows-amd64-cygwin\jdk8u202\12323\hotspot\src\share\vm\prims\jni.cpp, line 736]
Event: 52.704 Thread 0x000000001b4f4000 Exception <a 'java/net/SocketTimeoutException': Read timed out> (0x00000000dabc7700) thrown at [C:\re\workspace\8-2-build-windows-amd64-cygwin\jdk8u202\12323\hotspot\src\share\vm\prims\jni.cpp, line 736]
Event: 53.006 Thread 0x000000001b5c4000 Exception <a 'java/net/SocketTimeoutException': Read timed out> (0x00000000db4644b0) thrown at [C:\re\workspace\8-2-build-windows-amd64-cygwin\jdk8u202\12323\hotspot\src\share\vm\prims\jni.cpp, line 736]
Event: 53.855 Thread 0x000000001b5c4000 Exception <a 'java/net/SocketTimeoutException': Read timed out> (0x00000000db87b700) thrown at [C:\re\workspace\8-2-build-windows-amd64-cygwin\jdk8u202\12323\hotspot\src\share\vm\prims\jni.cpp, line 736]
Event: 54.099 Thread 0x000000001b4f4000 Exception <a 'java/net/SocketTimeoutException': Read timed out> (0x00000000dbcbc690) thrown at [C:\re\workspace\8-2-build-windows-amd64-cygwin\jdk8u202\12323\hotspot\src\share\vm\prims\jni.cpp, line 736]

Events (10 events):
Event: 47.239 Thread 0x0000000017e8e000 flushing nmethod 0x0000000003d39e10
Event: 47.239 Thread 0x0000000017e8e000 flushing nmethod 0x0000000003d3bf90
Event: 47.239 Thread 0x0000000017e8e000 flushing nmethod 0x0000000003d40150
Event: 47.239 Thread 0x0000000017e8e000 flushing nmethod 0x0000000003d45390
Event: 47.239 Thread 0x0000000017e8e000 flushing nmethod 0x0000000003d4da50
Event: 47.240 Thread 0x0000000017e8e000 flushing nmethod 0x0000000003d74210
Event: 47.240 Thread 0x0000000017e8e000 flushing nmethod 0x0000000003d872d0
Event: 52.812 Thread 0x000000001b5c4000 Uncommon trap: trap_request=0xffffffde fr.pc=0x000000000349ac70
Event: 52.812 Thread 0x000000001b5c4000 DEOPT PACKING pc=0x000000000349ac70 sp=0x000000001c99c1e0
Event: 52.812 Thread 0x000000001b5c4000 DEOPT UNPACKING pc=0x000000000335583b sp=0x000000001c99c178 mode 2


Dynamic libraries:
0x00007ff6f93b0000 - 0x00007ff6f93e7000 	C:\Program Files\Java\jdk1.8.0_202\bin\java.exe
0x00007ffc69330000 - 0x00007ffc69528000 	C:\Windows\SYSTEM32\ntdll.dll
0x00007ffc60f60000 - 0x00007ffc60f77000 	C:\Program Files\AVG\Antivirus\aswhook.dll
0x00007ffc688e0000 - 0x00007ffc6899f000 	C:\Windows\System32\KERNEL32.DLL
0x00007ffc66b20000 - 0x00007ffc66df2000 	C:\Windows\System32\KERNELBASE.dll
0x00007ffc683e0000 - 0x00007ffc6848e000 	C:\Windows\System32\ADVAPI32.dll
0x00007ffc687d0000 - 0x00007ffc6886e000 	C:\Windows\System32\msvcrt.dll
0x00007ffc67f70000 - 0x00007ffc6800c000 	C:\Windows\System32\sechost.dll
0x00007ffc68640000 - 0x00007ffc68765000 	C:\Windows\System32\RPCRT4.dll
0x00007ffc68230000 - 0x00007ffc683d1000 	C:\Windows\System32\USER32.dll
0x00007ffc66a20000 - 0x00007ffc66a42000 	C:\Windows\System32\win32u.dll
0x00007ffc689b0000 - 0x00007ffc689db000 	C:\Windows\System32\GDI32.dll
0x00007ffc67260000 - 0x00007ffc6736f000 	C:\Windows\System32\gdi32full.dll
0x00007ffc66a50000 - 0x00007ffc66aed000 	C:\Windows\System32\msvcp_win.dll
0x00007ffc66f00000 - 0x00007ffc67000000 	C:\Windows\System32\ucrtbase.dll
0x00007ffc54020000 - 0x00007ffc542ba000 	C:\Windows\WinSxS\amd64_microsoft.windows.common-controls_6595b64144ccf1df_6.0.19041.1110_none_60b5254171f9507e\COMCTL32.dll
0x00007ffc69250000 - 0x00007ffc69282000 	C:\Windows\System32\IMM32.DLL
0x00000000652b0000 - 0x0000000065382000 	C:\Program Files\Java\jdk1.8.0_202\jre\bin\msvcr100.dll
0x0000000064a00000 - 0x00000000652a5000 	C:\Program Files\Java\jdk1.8.0_202\jre\bin\server\jvm.dll
0x00007ffc67f50000 - 0x00007ffc67f58000 	C:\Windows\System32\PSAPI.DLL
0x00007ffc52e90000 - 0x00007ffc52e99000 	C:\Windows\SYSTEM32\WSOCK32.dll
0x00007ffc68870000 - 0x00007ffc688db000 	C:\Windows\System32\WS2_32.dll
0x00007ffc45ef0000 - 0x00007ffc45f17000 	C:\Windows\SYSTEM32\WINMM.dll
0x00007ffc5fa10000 - 0x00007ffc5fa1a000 	C:\Windows\SYSTEM32\VERSION.dll
0x00007ffc62110000 - 0x00007ffc6211f000 	C:\Program Files\Java\jdk1.8.0_202\jre\bin\verify.dll
0x00007ffc62040000 - 0x00007ffc62069000 	C:\Program Files\Java\jdk1.8.0_202\jre\bin\java.dll
0x00007ffc53d80000 - 0x00007ffc53da3000 	C:\Program Files\Java\jdk1.8.0_202\jre\bin\instrument.dll
0x00007ffc620e0000 - 0x00007ffc620f6000 	C:\Program Files\Java\jdk1.8.0_202\jre\bin\zip.dll
0x00007ffc677e0000 - 0x00007ffc67f24000 	C:\Windows\System32\SHELL32.dll
0x00007ffc64740000 - 0x00007ffc64ed2000 	C:\Windows\SYSTEM32\windows.storage.dll
0x00007ffc689e0000 - 0x00007ffc68d35000 	C:\Windows\System32\combase.dll
0x00007ffc66410000 - 0x00007ffc66440000 	C:\Windows\SYSTEM32\Wldp.dll
0x00007ffc68180000 - 0x00007ffc6822d000 	C:\Windows\System32\SHCORE.dll
0x00007ffc68770000 - 0x00007ffc687c5000 	C:\Windows\System32\shlwapi.dll
0x00007ffc66960000 - 0x00007ffc6697f000 	C:\Windows\SYSTEM32\profapi.dll
0x00007ffc61330000 - 0x00007ffc6134a000 	C:\Program Files\JetBrains\IntelliJ IDEA Community Edition 2022.2.1\bin\breakgen64.dll
0x00007ffc5bf80000 - 0x00007ffc5bf9a000 	C:\Program Files\Java\jdk1.8.0_202\jre\bin\net.dll
0x00007ffc55b20000 - 0x00007ffc55d0d000 	C:\Windows\SYSTEM32\urlmon.dll
0x00007ffc55ed0000 - 0x00007ffc56181000 	C:\Windows\SYSTEM32\iertutil.dll
0x00007ffc55af0000 - 0x00007ffc55b18000 	C:\Windows\SYSTEM32\srvcli.dll
0x00007ffc65f50000 - 0x00007ffc65f5c000 	C:\Windows\SYSTEM32\netutils.dll
0x00007ffc66100000 - 0x00007ffc6616a000 	C:\Windows\system32\mswsock.dll
0x00007ffc4d4d0000 - 0x00007ffc4d4f4000 	C:\Program Files\Java\jdk1.8.0_202\jre\bin\sunec.dll
0x00007ffc65df0000 - 0x00007ffc65e2b000 	C:\Windows\SYSTEM32\IPHLPAPI.DLL
0x00007ffc67f60000 - 0x00007ffc67f68000 	C:\Windows\System32\NSI.dll
0x00007ffc5cc10000 - 0x00007ffc5cc27000 	C:\Windows\SYSTEM32\dhcpcsvc6.DLL
0x00007ffc5ec10000 - 0x00007ffc5ec2d000 	C:\Windows\SYSTEM32\dhcpcsvc.DLL
0x00007ffc65e30000 - 0x00007ffc65efa000 	C:\Windows\SYSTEM32\DNSAPI.dll
0x00007ffc54750000 - 0x00007ffc54762000 	C:\Program Files\Java\jdk1.8.0_202\jre\bin\nio.dll
0x00007ffc66360000 - 0x00007ffc66378000 	C:\Windows\SYSTEM32\CRYPTSP.dll
0x00007ffc65a20000 - 0x00007ffc65a54000 	C:\Windows\system32\rsaenh.dll
0x00007ffc66af0000 - 0x00007ffc66b17000 	C:\Windows\System32\bcrypt.dll
0x00007ffc66920000 - 0x00007ffc6694e000 	C:\Windows\SYSTEM32\USERENV.dll
0x00007ffc66e70000 - 0x00007ffc66ef2000 	C:\Windows\System32\bcryptprimitives.dll
0x00007ffc66380000 - 0x00007ffc6638c000 	C:\Windows\SYSTEM32\CRYPTBASE.dll
0x00007ffc61370000 - 0x00007ffc6137b000 	C:\Program Files\Java\jdk1.8.0_202\jre\bin\sunmscapi.dll
0x00007ffc67000000 - 0x00007ffc67156000 	C:\Windows\System32\CRYPT32.dll
0x00007ffc54790000 - 0x00007ffc5479a000 	C:\Windows\System32\rasadhlp.dll
0x00007ffc54870000 - 0x00007ffc548f0000 	C:\Windows\System32\fwpuclnt.dll
0x00007ffc45f30000 - 0x00007ffc45f47000 	C:\Windows\system32\napinsp.dll
0x00007ffc45f50000 - 0x00007ffc45f6b000 	C:\Windows\system32\pnrpnsp.dll
0x00007ffc619d0000 - 0x00007ffc619e5000 	C:\Windows\system32\wshbth.dll
0x00007ffc61ed0000 - 0x00007ffc61eed000 	C:\Windows\system32\NLAapi.dll
0x00007ffc45f70000 - 0x00007ffc45f82000 	C:\Windows\System32\winrnr.dll
0x00007ffc62020000 - 0x00007ffc6202d000 	C:\Program Files\Java\jdk1.8.0_202\jre\bin\management.dll

VM Arguments:
jvm_args: -ea -Didea.test.cyclic.buffer.size=1048576 -javaagent:C:\Program Files\JetBrains\IntelliJ IDEA Community Edition 2022.2.1\lib\idea_rt.jar=63823:C:\Program Files\JetBrains\IntelliJ IDEA Community Edition 2022.2.1\bin -Dfile.encoding=UTF-8 
java_command: com.intellij.rt.testng.RemoteTestNGStarter -usedefaultlisteners false -socket63822 @w@C:\Users\Lenovo\AppData\Local\Temp\idea_working_dirs_testng1.tmp -temp C:\Users\Lenovo\AppData\Local\Temp\idea_testng1.tmp
java_class_path (initial): C:\Program Files\JetBrains\IntelliJ IDEA Community Edition 2022.2.1\lib\idea_rt.jar;C:\Program Files\JetBrains\IntelliJ IDEA Community Edition 2022.2.1\plugins\testng\lib\testng-rt.jar;C:\Program Files\Java\jdk1.8.0_202\jre\lib\charsets.jar;C:\Program Files\Java\jdk1.8.0_202\jre\lib\deploy.jar;C:\Program Files\Java\jdk1.8.0_202\jre\lib\ext\access-bridge-64.jar;C:\Program Files\Java\jdk1.8.0_202\jre\lib\ext\cldrdata.jar;C:\Program Files\Java\jdk1.8.0_202\jre\lib\ext\dnsns.jar;C:\Program Files\Java\jdk1.8.0_202\jre\lib\ext\jaccess.jar;C:\Program Files\Java\jdk1.8.0_202\jre\lib\ext\jfxrt.jar;C:\Program Files\Java\jdk1.8.0_202\jre\lib\ext\localedata.jar;C:\Program Files\Java\jdk1.8.0_202\jre\lib\ext\nashorn.jar;C:\Program Files\Java\jdk1.8.0_202\jre\lib\ext\sunec.jar;C:\Program Files\Java\jdk1.8.0_202\jre\lib\ext\sunjce_provider.jar;C:\Program Files\Java\jdk1.8.0_202\jre\lib\ext\sunmscapi.jar;C:\Program Files\Java\jdk1.8.0_202\jre\lib\ext\sunpkcs11.jar;C:\Program Files\Java\jdk1.8.0_202\jre\lib\ext\zipfs.jar;C:\Program Files\Java\jdk1.8.0_202\jre\lib\javaws.jar;C:\Program Files\Java\jdk1.8.0_202\jre\lib\jce.jar;C:\Program Files\Java\jdk1.8.0_202\jre\lib\jfr.jar;C:\Program Files\Java\jdk1.8.0_202\jre\lib\jfxswt.jar;C:\Program Files\Java\jdk1.8.0_202\jre\lib\jsse.jar;C:\Program Files\Java\jdk1.8.0_202\jre\lib\management-agent.jar;C:\Program Files\Java\jdk1.8.0_202\jre\lib\plugin.jar;C:\Program Files\Java\jdk1.8.0_202\jre\lib\resources.jar;C:\Program Files\Java\jdk1.8.0_202\jre\lib\rt.jar;C:\Users\Lenovo\Desktop\QA projekti\Automation_projekti\magneto\target\test-classes;C:\Users\Lenovo\Desktop\QA projekti\Automation_projekti\magneto\target\classes;C:\Users\Lenovo\.m2\repository\org\seleniumhq\selenium\selenium-java\3.141.59\selenium-java-3.141.59.jar;C:\Users\Lenovo\.m2\repository\org\seleniumhq\selenium\selenium-api\3.141.59\selenium-api-3.141.59.jar;C:\Users\Lenovo\.m2\repository\org\seleniumhq\selenium\selenium-chrome-driver\3.141.59\seleni
Launcher Type: SUN_STANDARD

Environment Variables:
JAVA_HOME=C:\Program Files\Java\jdk1.8.0_202
PATH=C:\Program Files (x86)\Common Files\Oracle\Java\javapath;C:\Program Files\Common Files\Oracle\Java\javapath;C:\Windows\system32;C:\Windows;C:\Windows\System32\Wbem;C:\Windows\System32\WindowsPowerShell\v1.0\;C:\Windows\System32\OpenSSH\;C:\Program Files\Git\cmd;c:\Program Files (x86)\Intel\Intel(R) Management Engine Components\DAL;c:\Program Files\Intel\Intel(R) Management Engine Components\DAL;C:\Users\Lenovo\AppData\Local\Microsoft\WindowsApps;C:\Program Files\JetBrains\IntelliJ IDEA Community Edition 2022.2.1\bin;;C:\Users\Lenovo\Desktop\QA projekti\apache-maven-3.8.6\bin;C:\Users\Lenovo\Desktop\QA projekti\allure-2.13.8\bin;
USERNAME=Lenovo
OS=Windows_NT
PROCESSOR_IDENTIFIER=Intel64 Family 6 Model 78 Stepping 3, GenuineIntel



---------------  S Y S T E M  ---------------

OS: Windows 10.0 , 64 bit Build 19041 (10.0.19041.2364)

CPU:total 4 (initial active 4) (2 cores per cpu, 2 threads per core) family 6 model 78 stepping 3, cmov, cx8, fxsr, mmx, sse, sse2, sse3, ssse3, sse4.1, sse4.2, popcnt, avx, avx2, aes, clmul, erms, rtm, 3dnowpref, lzcnt, ht, tsc, tscinvbit, bmi1, bmi2, adx

Memory: 4k page, physical 8265504k(482076k free), swap 21069852k(1772k free)

vm_info: Java HotSpot(TM) 64-Bit Server VM (25.202-b08) for windows-amd64 JRE (1.8.0_202-b08), built on Dec 15 2018 19:54:30 by "java_re" with MS VC++ 10.0 (VS2010)

time: Mon Jan 23 17:18:30 2023
timezone: Central Europe Standard Time
elapsed time: 54 seconds (0d 0h 0m 54s)

