#
# There is insufficient memory for the Java Runtime Environment to continue.
# Native memory allocation (malloc) failed to allocate 65552 bytes for Chunk::new
# Possible reasons:
#   The system is out of physical RAM or swap space
#   The process is running with CompressedOops enabled, and the Java Heap may be blocking the growth of the native heap
# Possible solutions:
#   Reduce memory load on the system
#   Increase physical memory or swap space
#   Check if swap backing store is full
#   Decrease Java heap size (-Xmx/-Xms)
#   Decrease number of Java threads
#   Decrease Java thread stack sizes (-Xss)
#   Set larger code cache with -XX:ReservedCodeCacheSize=
#   JVM is running with Unscaled Compressed Oops mode in which the Java heap is
#     placed in the first 4GB address space. The Java Heap base address is the
#     maximum limit for the native heap growth. Please use -XX:HeapBaseMinAddress
#     to set the Java Heap base and to place the Java Heap above 4GB virtual address.
# This output file may be truncated or incomplete.
#
#  Out of Memory Error (allocation.cpp:389), pid=32660, tid=0x0000000000006d04
#
# JRE version: Java(TM) SE Runtime Environment (8.0_202-b08) (build 1.8.0_202-b08)
# Java VM: Java HotSpot(TM) 64-Bit Server VM (25.202-b08 mixed mode windows-amd64 compressed oops)
# Failed to write core dump. Minidumps are not enabled by default on client versions of Windows
#

---------------  T H R E A D  ---------------

Current thread (0x0000000017d6b000):  JavaThread "C2 CompilerThread1" daemon [_thread_in_native, id=27908, stack(0x0000000019960000,0x0000000019a60000)]

Stack: [0x0000000019960000,0x0000000019a60000]
[error occurred during error reporting (printing stack bounds), id 0xc0000005]

Native frames: (J=compiled Java code, j=interpreted, Vv=VM code, C=native code)


Current CompileTask:
C2:  19707 2569       4       java.util.regex.Pattern::compile (406 bytes)


---------------  P R O C E S S  ---------------

Java Threads: ( => current thread )
  0x000000001a40d000 JavaThread "Okio Watchdog" daemon [_thread_blocked, id=26124, stack(0x000000001ee40000,0x000000001ef40000)]
  0x000000001b0bc800 JavaThread "OkHttp ConnectionPool" daemon [_thread_blocked, id=30076, stack(0x000000001ed40000,0x000000001ee40000)]
  0x000000001b0ba800 JavaThread "Exec Stream Pumper" daemon [_thread_in_native, id=13764, stack(0x000000001ea40000,0x000000001eb40000)]
  0x000000001b0bf000 JavaThread "Exec Stream Pumper" daemon [_thread_in_native, id=29920, stack(0x000000001e940000,0x000000001ea40000)]
  0x000000001b0bf800 JavaThread "Exec Stream Pumper" daemon [_thread_in_native, id=26332, stack(0x000000001e840000,0x000000001e940000)]
  0x000000001b0c1800 JavaThread "Exec Stream Pumper" daemon [_thread_in_native, id=1184, stack(0x000000001e740000,0x000000001e840000)]
  0x000000001b0c0800 JavaThread "Exec Stream Pumper" daemon [_thread_in_native, id=33720, stack(0x000000001e640000,0x000000001e740000)]
  0x000000001b0bc000 JavaThread "Exec Stream Pumper" daemon [_thread_in_native, id=14436, stack(0x000000001e540000,0x000000001e640000)]
  0x000000001b0be000 JavaThread "UrlChecker-4" daemon [_thread_blocked, id=17784, stack(0x000000001e240000,0x000000001e340000)]
  0x000000001b0bb000 JavaThread "UrlChecker-3" daemon [_thread_blocked, id=28812, stack(0x000000001e140000,0x000000001e240000)]
  0x000000001b0bd800 JavaThread "UrlChecker-2" daemon [_thread_blocked, id=11924, stack(0x000000001e040000,0x000000001e140000)]
  0x000000001a52c000 JavaThread "Exec Default Executor" daemon [_thread_in_native, id=18492, stack(0x000000001df40000,0x000000001e040000)]
  0x0000000019fbd000 JavaThread "Exec Default Executor" daemon [_thread_in_native, id=8504, stack(0x000000001de40000,0x000000001df40000)]
  0x000000001b5d4800 JavaThread "Exec Default Executor" daemon [_thread_in_native, id=23028, stack(0x000000001dd40000,0x000000001de40000)]
  0x000000001abea000 JavaThread "PoolService-2" [_thread_in_Java, id=28508, stack(0x000000001c870000,0x000000001c970000)]
  0x000000001abdf000 JavaThread "PoolService-1" [_thread_blocked, id=9236, stack(0x000000001c770000,0x000000001c870000)]
  0x000000001abde800 JavaThread "PoolService-0" [_thread_blocked, id=17504, stack(0x000000001c670000,0x000000001c770000)]
  0x000000001b0b9800 JavaThread "TestNG" [_thread_blocked, id=18464, stack(0x000000001bd70000,0x000000001be70000)]
  0x00000000193d3000 JavaThread "Service Thread" daemon [_thread_blocked, id=10592, stack(0x0000000019b60000,0x0000000019c60000)]
  0x0000000017d6c000 JavaThread "C1 CompilerThread2" daemon [_thread_blocked, id=21120, stack(0x0000000019a60000,0x0000000019b60000)]
=>0x0000000017d6b000 JavaThread "C2 CompilerThread1" daemon [_thread_in_native, id=27908, stack(0x0000000019960000,0x0000000019a60000)]
  0x0000000017d39800 JavaThread "C2 CompilerThread0" daemon [_thread_blocked, id=29228, stack(0x0000000019860000,0x0000000019960000)]
  0x0000000017d37000 JavaThread "Monitor Ctrl-Break" daemon [_thread_in_native, id=32648, stack(0x0000000019760000,0x0000000019860000)]
  0x0000000017d1a000 JavaThread "Attach Listener" daemon [_thread_blocked, id=28728, stack(0x0000000019260000,0x0000000019360000)]
  0x0000000017d18800 JavaThread "Signal Dispatcher" daemon [_thread_blocked, id=32796, stack(0x0000000019160000,0x0000000019260000)]
  0x00000000031ea000 JavaThread "Finalizer" daemon [_thread_blocked, id=26764, stack(0x0000000018f60000,0x0000000019060000)]
  0x0000000017cfa000 JavaThread "Reference Handler" daemon [_thread_blocked, id=27308, stack(0x0000000018e60000,0x0000000018f60000)]
  0x000000000143d000 JavaThread "main" [_thread_blocked, id=19308, stack(0x0000000002e40000,0x0000000002f40000)]

Other Threads:
  0x0000000017cd8000 VMThread [stack: 0x0000000018d60000,0x0000000018e60000] [id=30976]
  0x0000000019419000 WatcherThread [stack: 0x0000000019c60000,0x0000000019d60000] [id=3244]

VM state:not at safepoint (normal execution)

VM Mutex/Monitor currently owned by a thread: None

heap address: 0x0000000081e00000, size: 2018 MB, Compressed Oops mode: 32-bit
Narrow klass base: 0x0000000000000000, Narrow klass shift: 3
Compressed class space size: 1073741824 Address: 0x0000000100000000

Heap:
 PSYoungGen      total 71680K, used 43064K [0x00000000d5f80000, 0x00000000dd980000, 0x0000000100000000)
  eden space 66560K, 57% used [0x00000000d5f80000,0x00000000d8494108,0x00000000da080000)
  from space 5120K, 99% used [0x00000000da080000,0x00000000da57a1f0,0x00000000da580000)
  to   space 8704K, 0% used [0x00000000dd100000,0x00000000dd100000,0x00000000dd980000)
 ParOldGen       total 55296K, used 7612K [0x0000000081e00000, 0x0000000085400000, 0x00000000d5f80000)
  object space 55296K, 13% used [0x0000000081e00000,0x000000008256f118,0x0000000085400000)
 Metaspace       used 28999K, capacity 30600K, committed 30848K, reserved 1077248K
  class space    used 3535K, capacity 3866K, committed 3968K, reserved 1048576K

Card table byte_map: [0x00000000125b0000,0x00000000129b0000] byte_map_base: 0x00000000121a1000

Marking Bits: (ParMarkBitMap*) 0x0000000065225ce0
 Begin Bits: [0x0000000013060000, 0x0000000014fe8000)
 End Bits:   [0x0000000014fe8000, 0x0000000016f70000)

Polling page: 0x0000000001180000

CodeCache: size=245760Kb used=7783Kb max_used=7792Kb free=237976Kb
 bounds [0x00000000031f0000, 0x00000000039a0000, 0x00000000121f0000]
 total_blobs=2802 nmethods=2339 adapters=375
 compilation: enabled

Compilation events (10 events):
Event: 19.689 Thread 0x0000000017d6c000 nmethod 2571 0x0000000003988e10 code [0x0000000003988f80, 0x00000000039891f0]
Event: 19.689 Thread 0x0000000017d6c000 2572       3       java.io.BufferedWriter::ensureOpen (18 bytes)
Event: 19.689 Thread 0x0000000017d6c000 nmethod 2572 0x000000000398ce10 code [0x000000000398cf80, 0x000000000398d1c8]
Event: 19.694 Thread 0x0000000017d39800 nmethod 2564 0x00000000039905d0 code [0x0000000003990740, 0x0000000003990e78]
Event: 19.694 Thread 0x0000000017d39800 2570       4       java.util.regex.Pattern::append (39 bytes)
Event: 19.697 Thread 0x0000000017d39800 nmethod 2570 0x000000000398d290 code [0x000000000398d3e0, 0x000000000398d618]
Event: 19.698 Thread 0x0000000017d6c000 2573       3       java.lang.invoke.DelegatingMethodHandle::rebind (8 bytes)
Event: 19.698 Thread 0x0000000017d6c000 nmethod 2573 0x00000000039900d0 code [0x0000000003990240, 0x0000000003990518]
Event: 19.698 Thread 0x0000000017d6c000 2574       3       java.util.Optional::isPresent (13 bytes)
Event: 19.699 Thread 0x0000000017d6c000 nmethod 2574 0x000000000398fd50 code [0x000000000398fea0, 0x0000000003990050]

GC Heap History (10 events):
Event: 3.948 GC heap before
{Heap before GC invocations=2 (full 0):
 PSYoungGen      total 38400K, used 38387K [0x00000000d5f80000, 0x00000000d8a00000, 0x0000000100000000)
  eden space 33280K, 100% used [0x00000000d5f80000,0x00000000d8000000,0x00000000d8000000)
  from space 5120K, 99% used [0x00000000d8000000,0x00000000d84fcd60,0x00000000d8500000)
  to   space 5120K, 0% used [0x00000000d8500000,0x00000000d8500000,0x00000000d8a00000)
 ParOldGen       total 87552K, used 349K [0x0000000081e00000, 0x0000000087380000, 0x00000000d5f80000)
  object space 87552K, 0% used [0x0000000081e00000,0x0000000081e574e0,0x0000000087380000)
 Metaspace       used 15686K, capacity 16068K, committed 16256K, reserved 1062912K
  class space    used 1727K, capacity 1842K, committed 1920K, reserved 1048576K
Event: 3.959 GC heap after
Heap after GC invocations=2 (full 0):
 PSYoungGen      total 38400K, used 5097K [0x00000000d5f80000, 0x00000000d8a00000, 0x0000000100000000)
  eden space 33280K, 0% used [0x00000000d5f80000,0x00000000d5f80000,0x00000000d8000000)
  from space 5120K, 99% used [0x00000000d8500000,0x00000000d89fa770,0x00000000d8a00000)
  to   space 5120K, 0% used [0x00000000d8000000,0x00000000d8000000,0x00000000d8500000)
 ParOldGen       total 87552K, used 2869K [0x0000000081e00000, 0x0000000087380000, 0x00000000d5f80000)
  object space 87552K, 3% used [0x0000000081e00000,0x00000000820cd640,0x0000000087380000)
 Metaspace       used 15686K, capacity 16068K, committed 16256K, reserved 1062912K
  class space    used 1727K, capacity 1842K, committed 1920K, reserved 1048576K
}
Event: 4.523 GC heap before
{Heap before GC invocations=3 (full 0):
 PSYoungGen      total 38400K, used 38377K [0x00000000d5f80000, 0x00000000d8a00000, 0x0000000100000000)
  eden space 33280K, 100% used [0x00000000d5f80000,0x00000000d8000000,0x00000000d8000000)
  from space 5120K, 99% used [0x00000000d8500000,0x00000000d89fa770,0x00000000d8a00000)
  to   space 5120K, 0% used [0x00000000d8000000,0x00000000d8000000,0x00000000d8500000)
 ParOldGen       total 87552K, used 2869K [0x0000000081e00000, 0x0000000087380000, 0x00000000d5f80000)
  object space 87552K, 3% used [0x0000000081e00000,0x00000000820cd640,0x0000000087380000)
 Metaspace       used 19243K, capacity 19792K, committed 19968K, reserved 1067008K
  class space    used 2152K, capacity 2304K, committed 2304K, reserved 1048576K
Event: 4.532 GC heap after
Heap after GC invocations=3 (full 0):
 PSYoungGen      total 38400K, used 5116K [0x00000000d5f80000, 0x00000000daa80000, 0x0000000100000000)
  eden space 33280K, 0% used [0x00000000d5f80000,0x00000000d5f80000,0x00000000d8000000)
  from space 5120K, 99% used [0x00000000d8000000,0x00000000d84ff2b8,0x00000000d8500000)
  to   space 5120K, 0% used [0x00000000da580000,0x00000000da580000,0x00000000daa80000)
 ParOldGen       total 87552K, used 5772K [0x0000000081e00000, 0x0000000087380000, 0x00000000d5f80000)
  object space 87552K, 6% used [0x0000000081e00000,0x00000000823a33e8,0x0000000087380000)
 Metaspace       used 19243K, capacity 19792K, committed 19968K, reserved 1067008K
  class space    used 2152K, capacity 2304K, committed 2304K, reserved 1048576K
}
Event: 4.758 GC heap before
{Heap before GC invocations=4 (full 0):
 PSYoungGen      total 38400K, used 16522K [0x00000000d5f80000, 0x00000000daa80000, 0x0000000100000000)
  eden space 33280K, 34% used [0x00000000d5f80000,0x00000000d6aa3690,0x00000000d8000000)
  from space 5120K, 99% used [0x00000000d8000000,0x00000000d84ff2b8,0x00000000d8500000)
  to   space 5120K, 0% used [0x00000000da580000,0x00000000da580000,0x00000000daa80000)
 ParOldGen       total 87552K, used 5772K [0x0000000081e00000, 0x0000000087380000, 0x00000000d5f80000)
  object space 87552K, 6% used [0x0000000081e00000,0x00000000823a33e8,0x0000000087380000)
 Metaspace       used 20529K, capacity 21204K, committed 21296K, reserved 1069056K
  class space    used 2309K, capacity 2502K, committed 2560K, reserved 1048576K
Event: 4.767 GC heap after
Heap after GC invocations=4 (full 0):
 PSYoungGen      total 71680K, used 5116K [0x00000000d5f80000, 0x00000000daa80000, 0x0000000100000000)
  eden space 66560K, 0% used [0x00000000d5f80000,0x00000000d5f80000,0x00000000da080000)
  from space 5120K, 99% used [0x00000000da580000,0x00000000daa7f058,0x00000000daa80000)
  to   space 5120K, 0% used [0x00000000da080000,0x00000000da080000,0x00000000da580000)
 ParOldGen       total 87552K, used 6761K [0x0000000081e00000, 0x0000000087380000, 0x00000000d5f80000)
  object space 87552K, 7% used [0x0000000081e00000,0x000000008249a4b0,0x0000000087380000)
 Metaspace       used 20529K, capacity 21204K, committed 21296K, reserved 1069056K
  class space    used 2309K, capacity 2502K, committed 2560K, reserved 1048576K
}
Event: 4.767 GC heap before
{Heap before GC invocations=5 (full 1):
 PSYoungGen      total 71680K, used 5116K [0x00000000d5f80000, 0x00000000daa80000, 0x0000000100000000)
  eden space 66560K, 0% used [0x00000000d5f80000,0x00000000d5f80000,0x00000000da080000)
  from space 5120K, 99% used [0x00000000da580000,0x00000000daa7f058,0x00000000daa80000)
  to   space 5120K, 0% used [0x00000000da080000,0x00000000da080000,0x00000000da580000)
 ParOldGen       total 87552K, used 6761K [0x0000000081e00000, 0x0000000087380000, 0x00000000d5f80000)
  object space 87552K, 7% used [0x0000000081e00000,0x000000008249a4b0,0x0000000087380000)
 Metaspace       used 20529K, capacity 21204K, committed 21296K, reserved 1069056K
  class space    used 2309K, capacity 2502K, committed 2560K, reserved 1048576K
Event: 4.809 GC heap after
Heap after GC invocations=5 (full 1):
 PSYoungGen      total 71680K, used 0K [0x00000000d5f80000, 0x00000000daa80000, 0x0000000100000000)
  eden space 66560K, 0% used [0x00000000d5f80000,0x00000000d5f80000,0x00000000da080000)
  from space 5120K, 0% used [0x00000000da580000,0x00000000da580000,0x00000000daa80000)
  to   space 5120K, 0% used [0x00000000da080000,0x00000000da080000,0x00000000da580000)
 ParOldGen       total 55296K, used 6105K [0x0000000081e00000, 0x0000000085400000, 0x00000000d5f80000)
  object space 55296K, 11% used [0x0000000081e00000,0x00000000823f64d0,0x0000000085400000)
 Metaspace       used 20486K, capacity 21114K, committed 21296K, reserved 1069056K
  class space    used 2293K, capacity 2475K, committed 2560K, reserved 1048576K
}
Event: 5.992 GC heap before
{Heap before GC invocations=6 (full 1):
 PSYoungGen      total 71680K, used 66522K [0x00000000d5f80000, 0x00000000daa80000, 0x0000000100000000)
  eden space 66560K, 99% used [0x00000000d5f80000,0x00000000da076a08,0x00000000da080000)
  from space 5120K, 0% used [0x00000000da580000,0x00000000da580000,0x00000000daa80000)
  to   space 5120K, 0% used [0x00000000da080000,0x00000000da080000,0x00000000da580000)
 ParOldGen       total 55296K, used 6105K [0x0000000081e00000, 0x0000000085400000, 0x00000000d5f80000)
  object space 55296K, 11% used [0x0000000081e00000,0x00000000823f64d0,0x0000000085400000)
 Metaspace       used 25453K, capacity 26580K, committed 26880K, reserved 1073152K
  class space    used 3001K, capacity 3238K, committed 3328K, reserved 1048576K
Event: 6.002 GC heap after
Heap after GC invocations=6 (full 1):
 PSYoungGen      total 71680K, used 5096K [0x00000000d5f80000, 0x00000000dd980000, 0x0000000100000000)
  eden space 66560K, 0% used [0x00000000d5f80000,0x00000000d5f80000,0x00000000da080000)
  from space 5120K, 99% used [0x00000000da080000,0x00000000da57a1f0,0x00000000da580000)
  to   space 8704K, 0% used [0x00000000dd100000,0x00000000dd100000,0x00000000dd980000)
 ParOldGen       total 55296K, used 7612K [0x0000000081e00000, 0x0000000085400000, 0x00000000d5f80000)
  object space 55296K, 13% used [0x0000000081e00000,0x000000008256f118,0x0000000085400000)
 Metaspace       used 25453K, capacity 26580K, committed 26880K, reserved 1073152K
  class space    used 3001K, capacity 3238K, committed 3328K, reserved 1048576K
}

Deoptimization events (10 events):
Event: 6.063 Thread 0x000000001abde800 Uncommon trap: reason=unstable_if action=reinterpret pc=0x00000000033a66b0 method=java.lang.String.replace(CC)Ljava/lang/String; @ 2
Event: 6.684 Thread 0x000000001abde800 Uncommon trap: reason=range_check action=make_not_entrant pc=0x000000000365a860 method=sun.reflect.generics.parser.SignatureParser.current()C @ 34
Event: 11.935 Thread 0x000000001abde800 Uncommon trap: reason=class_check action=maybe_recompile pc=0x000000000362e844 method=org.openqa.selenium.json.Input.init()V @ 18
Event: 11.935 Thread 0x000000001abde800 Uncommon trap: reason=class_check action=maybe_recompile pc=0x000000000362e844 method=org.openqa.selenium.json.Input.init()V @ 18
Event: 11.936 Thread 0x000000001abde800 Uncommon trap: reason=class_check action=maybe_recompile pc=0x000000000362e844 method=org.openqa.selenium.json.Input.init()V @ 18
Event: 11.936 Thread 0x000000001abde800 Uncommon trap: reason=class_check action=maybe_recompile pc=0x000000000362e844 method=org.openqa.selenium.json.Input.init()V @ 18
Event: 19.596 Thread 0x000000001abde800 Uncommon trap: reason=bimorphic action=maybe_recompile pc=0x000000000383b174 method=java.util.regex.Pattern$CharProperty.match(Ljava/util/regex/Matcher;ILjava/lang/CharSequence;)Z @ 37
Event: 19.596 Thread 0x000000001abde800 Uncommon trap: reason=bimorphic action=maybe_recompile pc=0x000000000383b174 method=java.util.regex.Pattern$CharProperty.match(Ljava/util/regex/Matcher;ILjava/lang/CharSequence;)Z @ 37
Event: 19.596 Thread 0x000000001abde800 Uncommon trap: reason=bimorphic action=maybe_recompile pc=0x000000000383b174 method=java.util.regex.Pattern$CharProperty.match(Ljava/util/regex/Matcher;ILjava/lang/CharSequence;)Z @ 37
Event: 19.596 Thread 0x000000001abde800 Uncommon trap: reason=bimorphic action=maybe_recompile pc=0x000000000383b174 method=java.util.regex.Pattern$CharProperty.match(Ljava/util/regex/Matcher;ILjava/lang/CharSequence;)Z @ 37

Classes redefined (0 events):
No events

Internal exceptions (10 events):
Event: 12.336 Thread 0x000000001abde800 Exception <a 'java/net/SocketTimeoutException': Read timed out> (0x00000000d7dc0b38) thrown at [C:\re\workspace\8-2-build-windows-amd64-cygwin\jdk8u202\12323\hotspot\src\share\vm\prims\jni.cpp, line 736]
Event: 12.727 Thread 0x000000001abde800 Exception <a 'java/net/SocketTimeoutException': Read timed out> (0x00000000d7dda9f0) thrown at [C:\re\workspace\8-2-build-windows-amd64-cygwin\jdk8u202\12323\hotspot\src\share\vm\prims\jni.cpp, line 736]
Event: 14.260 Thread 0x000000001abdf000 Exception <a 'java/net/SocketTimeoutException': Read timed out> (0x00000000d7b4dae8) thrown at [C:\re\workspace\8-2-build-windows-amd64-cygwin\jdk8u202\12323\hotspot\src\share\vm\prims\jni.cpp, line 736]
Event: 14.275 Thread 0x000000001abdf000 Exception <a 'java/net/SocketTimeoutException': Read timed out> (0x00000000d7b62fc0) thrown at [C:\re\workspace\8-2-build-windows-amd64-cygwin\jdk8u202\12323\hotspot\src\share\vm\prims\jni.cpp, line 736]
Event: 14.488 Thread 0x000000001abea000 Exception <a 'java/net/SocketTimeoutException': Read timed out> (0x00000000d7ace048) thrown at [C:\re\workspace\8-2-build-windows-amd64-cygwin\jdk8u202\12323\hotspot\src\share\vm\prims\jni.cpp, line 736]
Event: 14.518 Thread 0x000000001abea000 Exception <a 'java/net/SocketTimeoutException': Read timed out> (0x00000000d7e63440) thrown at [C:\re\workspace\8-2-build-windows-amd64-cygwin\jdk8u202\12323\hotspot\src\share\vm\prims\jni.cpp, line 736]
Event: 19.696 Thread 0x000000001abdf000 Exception <a 'java/lang/IncompatibleClassChangeError': Found class java.lang.Object, but interface was expected> (0x00000000d82c75e8) thrown at [C:\re\workspace\8-2-build-windows-amd64-cygwin\jdk8u202\12323\hotspot\src\share\vm\interpreter\linkResolver.cp
Event: 19.697 Thread 0x000000001abdf000 Exception <a 'java/lang/IncompatibleClassChangeError': Found class java.lang.Object, but interface was expected> (0x00000000d82cae40) thrown at [C:\re\workspace\8-2-build-windows-amd64-cygwin\jdk8u202\12323\hotspot\src\share\vm\interpreter\linkResolver.cp
Event: 19.697 Thread 0x000000001abdf000 Exception <a 'java/lang/IncompatibleClassChangeError': Found class java.lang.Object, but interface was expected> (0x00000000d82ce6d8) thrown at [C:\re\workspace\8-2-build-windows-amd64-cygwin\jdk8u202\12323\hotspot\src\share\vm\interpreter\linkResolver.cp
Event: 19.698 Thread 0x000000001abdf000 Exception <a 'java/lang/IncompatibleClassChangeError': Found class java.lang.Object, but interface was expected> (0x00000000d82d1fd0) thrown at [C:\re\workspace\8-2-build-windows-amd64-cygwin\jdk8u202\12323\hotspot\src\share\vm\interpreter\linkResolver.cp

Events (10 events):
Event: 19.698 loading class io/cucumber/messages/Messages$TestStepFinished$TestStepResult
Event: 19.698 loading class io/cucumber/messages/Messages$TestStepFinished$TestStepResult done
Event: 19.700 loading class io/cucumber/messages/Messages$TestStepFinished$TestStepResultOrBuilder
Event: 19.700 loading class io/cucumber/messages/Messages$TestStepFinished$TestStepResultOrBuilder done
Event: 19.702 loading class io/cucumber/messages/Messages$DurationOrBuilder
Event: 19.702 loading class io/cucumber/messages/Messages$DurationOrBuilder done
Event: 19.704 loading class io/cucumber/messages/Messages$TestStepFinished$TestStepResult$1
Event: 19.704 loading class io/cucumber/messages/Messages$TestStepFinished$TestStepResult$1 done
Event: 19.705 loading class io/cucumber/messages/Messages$TestStepFinished$TestStepResult$Builder
Event: 19.705 loading class io/cucumber/messages/Messages$TestStepFinished$TestStepResult$Builder done


Dynamic libraries:
0x00007ff6f93b0000 - 0x00007ff6f93e7000 	C:\Program Files\Java\jdk1.8.0_202\bin\java.exe
0x00007ffc69330000 - 0x00007ffc69528000 	C:\Windows\SYSTEM32\ntdll.dll
0x00007ffc60f60000 - 0x00007ffc60f77000 	C:\Program Files\AVG\Antivirus\aswhook.dll
0x00007ffc688e0000 - 0x00007ffc6899f000 	C:\Windows\System32\KERNEL32.DLL
0x00007ffc66b20000 - 0x00007ffc66df2000 	C:\Windows\System32\KERNELBASE.dll
0x00007ffc683e0000 - 0x00007ffc6848e000 	C:\Windows\System32\ADVAPI32.dll
0x00007ffc687d0000 - 0x00007ffc6886e000 	C:\Windows\System32\msvcrt.dll
0x00007ffc67f70000 - 0x00007ffc6800c000 	C:\Windows\System32\sechost.dll
0x00007ffc68640000 - 0x00007ffc68765000 	C:\Windows\System32\RPCRT4.dll
0x00007ffc68230000 - 0x00007ffc683d1000 	C:\Windows\System32\USER32.dll
0x00007ffc66a20000 - 0x00007ffc66a42000 	C:\Windows\System32\win32u.dll
0x00007ffc689b0000 - 0x00007ffc689db000 	C:\Windows\System32\GDI32.dll
0x00007ffc67260000 - 0x00007ffc6736f000 	C:\Windows\System32\gdi32full.dll
0x00007ffc66a50000 - 0x00007ffc66aed000 	C:\Windows\System32\msvcp_win.dll
0x00007ffc66f00000 - 0x00007ffc67000000 	C:\Windows\System32\ucrtbase.dll
0x00007ffc54020000 - 0x00007ffc542ba000 	C:\Windows\WinSxS\amd64_microsoft.windows.common-controls_6595b64144ccf1df_6.0.19041.1110_none_60b5254171f9507e\COMCTL32.dll
0x00007ffc69250000 - 0x00007ffc69282000 	C:\Windows\System32\IMM32.DLL
0x00000000652b0000 - 0x0000000065382000 	C:\Program Files\Java\jdk1.8.0_202\jre\bin\msvcr100.dll
0x0000000064a00000 - 0x00000000652a5000 	C:\Program Files\Java\jdk1.8.0_202\jre\bin\server\jvm.dll
0x00007ffc67f50000 - 0x00007ffc67f58000 	C:\Windows\System32\PSAPI.DLL
0x00007ffc52e90000 - 0x00007ffc52e99000 	C:\Windows\SYSTEM32\WSOCK32.dll
0x00007ffc68870000 - 0x00007ffc688db000 	C:\Windows\System32\WS2_32.dll
0x00007ffc45ef0000 - 0x00007ffc45f17000 	C:\Windows\SYSTEM32\WINMM.dll
0x00007ffc5fa10000 - 0x00007ffc5fa1a000 	C:\Windows\SYSTEM32\VERSION.dll
0x00007ffc62110000 - 0x00007ffc6211f000 	C:\Program Files\Java\jdk1.8.0_202\jre\bin\verify.dll
0x00007ffc62040000 - 0x00007ffc62069000 	C:\Program Files\Java\jdk1.8.0_202\jre\bin\java.dll
0x00007ffc4d7b0000 - 0x00007ffc4d7d3000 	C:\Program Files\Java\jdk1.8.0_202\jre\bin\instrument.dll
0x00007ffc620e0000 - 0x00007ffc620f6000 	C:\Program Files\Java\jdk1.8.0_202\jre\bin\zip.dll
0x00007ffc677e0000 - 0x00007ffc67f24000 	C:\Windows\System32\SHELL32.dll
0x00007ffc64740000 - 0x00007ffc64ed2000 	C:\Windows\SYSTEM32\windows.storage.dll
0x00007ffc689e0000 - 0x00007ffc68d35000 	C:\Windows\System32\combase.dll
0x00007ffc66410000 - 0x00007ffc66440000 	C:\Windows\SYSTEM32\Wldp.dll
0x00007ffc68180000 - 0x00007ffc6822d000 	C:\Windows\System32\SHCORE.dll
0x00007ffc68770000 - 0x00007ffc687c5000 	C:\Windows\System32\shlwapi.dll
0x00007ffc66960000 - 0x00007ffc6697f000 	C:\Windows\SYSTEM32\profapi.dll
0x00007ffc54750000 - 0x00007ffc5476a000 	C:\Program Files\JetBrains\IntelliJ IDEA Community Edition 2022.2.1\bin\breakgen64.dll
0x00007ffc4fb90000 - 0x00007ffc4fbaa000 	C:\Program Files\Java\jdk1.8.0_202\jre\bin\net.dll
0x00007ffc55b20000 - 0x00007ffc55d0d000 	C:\Windows\SYSTEM32\urlmon.dll
0x00007ffc55af0000 - 0x00007ffc55b18000 	C:\Windows\SYSTEM32\srvcli.dll
0x00007ffc55ed0000 - 0x00007ffc56181000 	C:\Windows\SYSTEM32\iertutil.dll
0x00007ffc65f50000 - 0x00007ffc65f5c000 	C:\Windows\SYSTEM32\netutils.dll
0x00007ffc66100000 - 0x00007ffc6616a000 	C:\Windows\system32\mswsock.dll
0x00007ffc5c000000 - 0x00007ffc5c024000 	C:\Program Files\Java\jdk1.8.0_202\jre\bin\sunec.dll
0x00007ffc65df0000 - 0x00007ffc65e2b000 	C:\Windows\SYSTEM32\IPHLPAPI.DLL
0x00007ffc67f60000 - 0x00007ffc67f68000 	C:\Windows\System32\NSI.dll
0x00007ffc5cc10000 - 0x00007ffc5cc27000 	C:\Windows\SYSTEM32\dhcpcsvc6.DLL
0x00007ffc5ec10000 - 0x00007ffc5ec2d000 	C:\Windows\SYSTEM32\dhcpcsvc.DLL
0x00007ffc65e30000 - 0x00007ffc65efa000 	C:\Windows\SYSTEM32\DNSAPI.dll
0x00007ffc5bf80000 - 0x00007ffc5bf92000 	C:\Program Files\Java\jdk1.8.0_202\jre\bin\nio.dll
0x00007ffc66360000 - 0x00007ffc66378000 	C:\Windows\SYSTEM32\CRYPTSP.dll
0x00007ffc65a20000 - 0x00007ffc65a54000 	C:\Windows\system32\rsaenh.dll
0x00007ffc66af0000 - 0x00007ffc66b17000 	C:\Windows\System32\bcrypt.dll
0x00007ffc66920000 - 0x00007ffc6694e000 	C:\Windows\SYSTEM32\USERENV.dll
0x00007ffc66e70000 - 0x00007ffc66ef2000 	C:\Windows\System32\bcryptprimitives.dll
0x00007ffc66380000 - 0x00007ffc6638c000 	C:\Windows\SYSTEM32\CRYPTBASE.dll
0x00007ffc62020000 - 0x00007ffc6202b000 	C:\Program Files\Java\jdk1.8.0_202\jre\bin\sunmscapi.dll
0x00007ffc67000000 - 0x00007ffc67156000 	C:\Windows\System32\CRYPT32.dll
0x00007ffc54790000 - 0x00007ffc5479a000 	C:\Windows\System32\rasadhlp.dll
0x00007ffc54870000 - 0x00007ffc548f0000 	C:\Windows\System32\fwpuclnt.dll
0x00007ffc45f30000 - 0x00007ffc45f47000 	C:\Windows\system32\napinsp.dll
0x00007ffc45f50000 - 0x00007ffc45f6b000 	C:\Windows\system32\pnrpnsp.dll
0x00007ffc619d0000 - 0x00007ffc619e5000 	C:\Windows\system32\wshbth.dll
0x00007ffc61ed0000 - 0x00007ffc61eed000 	C:\Windows\system32\NLAapi.dll
0x00007ffc45f70000 - 0x00007ffc45f82000 	C:\Windows\System32\winrnr.dll
0x00007ffc5bff0000 - 0x00007ffc5bffd000 	C:\Program Files\Java\jdk1.8.0_202\jre\bin\management.dll

VM Arguments:
jvm_args: -ea -Didea.test.cyclic.buffer.size=1048576 -javaagent:C:\Program Files\JetBrains\IntelliJ IDEA Community Edition 2022.2.1\lib\idea_rt.jar=64028:C:\Program Files\JetBrains\IntelliJ IDEA Community Edition 2022.2.1\bin -Dfile.encoding=UTF-8 
java_command: com.intellij.rt.testng.RemoteTestNGStarter -usedefaultlisteners false -socket64027 @w@C:\Users\Lenovo\AppData\Local\Temp\idea_working_dirs_testng1.tmp -temp C:\Users\Lenovo\AppData\Local\Temp\idea_testng1.tmp
java_class_path (initial): C:\Program Files\JetBrains\IntelliJ IDEA Community Edition 2022.2.1\lib\idea_rt.jar;C:\Program Files\JetBrains\IntelliJ IDEA Community Edition 2022.2.1\plugins\testng\lib\testng-rt.jar;C:\Program Files\Java\jdk1.8.0_202\jre\lib\charsets.jar;C:\Program Files\Java\jdk1.8.0_202\jre\lib\deploy.jar;C:\Program Files\Java\jdk1.8.0_202\jre\lib\ext\access-bridge-64.jar;C:\Program Files\Java\jdk1.8.0_202\jre\lib\ext\cldrdata.jar;C:\Program Files\Java\jdk1.8.0_202\jre\lib\ext\dnsns.jar;C:\Program Files\Java\jdk1.8.0_202\jre\lib\ext\jaccess.jar;C:\Program Files\Java\jdk1.8.0_202\jre\lib\ext\jfxrt.jar;C:\Program Files\Java\jdk1.8.0_202\jre\lib\ext\localedata.jar;C:\Program Files\Java\jdk1.8.0_202\jre\lib\ext\nashorn.jar;C:\Program Files\Java\jdk1.8.0_202\jre\lib\ext\sunec.jar;C:\Program Files\Java\jdk1.8.0_202\jre\lib\ext\sunjce_provider.jar;C:\Program Files\Java\jdk1.8.0_202\jre\lib\ext\sunmscapi.jar;C:\Program Files\Java\jdk1.8.0_202\jre\lib\ext\sunpkcs11.jar;C:\Program Files\Java\jdk1.8.0_202\jre\lib\ext\zipfs.jar;C:\Program Files\Java\jdk1.8.0_202\jre\lib\javaws.jar;C:\Program Files\Java\jdk1.8.0_202\jre\lib\jce.jar;C:\Program Files\Java\jdk1.8.0_202\jre\lib\jfr.jar;C:\Program Files\Java\jdk1.8.0_202\jre\lib\jfxswt.jar;C:\Program Files\Java\jdk1.8.0_202\jre\lib\jsse.jar;C:\Program Files\Java\jdk1.8.0_202\jre\lib\management-agent.jar;C:\Program Files\Java\jdk1.8.0_202\jre\lib\plugin.jar;C:\Program Files\Java\jdk1.8.0_202\jre\lib\resources.jar;C:\Program Files\Java\jdk1.8.0_202\jre\lib\rt.jar;C:\Users\Lenovo\Desktop\QA projekti\Automation_projekti\magneto\target\test-classes;C:\Users\Lenovo\Desktop\QA projekti\Automation_projekti\magneto\target\classes;C:\Users\Lenovo\.m2\repository\org\seleniumhq\selenium\selenium-java\3.141.59\selenium-java-3.141.59.jar;C:\Users\Lenovo\.m2\repository\org\seleniumhq\selenium\selenium-api\3.141.59\selenium-api-3.141.59.jar;C:\Users\Lenovo\.m2\repository\org\seleniumhq\selenium\selenium-chrome-driver\3.141.59\seleni
Launcher Type: SUN_STANDARD

Environment Variables:
JAVA_HOME=C:\Program Files\Java\jdk1.8.0_202
PATH=C:\Program Files (x86)\Common Files\Oracle\Java\javapath;C:\Program Files\Common Files\Oracle\Java\javapath;C:\Windows\system32;C:\Windows;C:\Windows\System32\Wbem;C:\Windows\System32\WindowsPowerShell\v1.0\;C:\Windows\System32\OpenSSH\;C:\Program Files\Git\cmd;c:\Program Files (x86)\Intel\Intel(R) Management Engine Components\DAL;c:\Program Files\Intel\Intel(R) Management Engine Components\DAL;C:\Users\Lenovo\AppData\Local\Microsoft\WindowsApps;C:\Program Files\JetBrains\IntelliJ IDEA Community Edition 2022.2.1\bin;;C:\Users\Lenovo\Desktop\QA projekti\apache-maven-3.8.6\bin;C:\Users\Lenovo\Desktop\QA projekti\allure-2.13.8\bin;
USERNAME=Lenovo
OS=Windows_NT
PROCESSOR_IDENTIFIER=Intel64 Family 6 Model 78 Stepping 3, GenuineIntel



---------------  S Y S T E M  ---------------

OS: Windows 10.0 , 64 bit Build 19041 (10.0.19041.2364)

CPU:total 4 (initial active 4) (2 cores per cpu, 2 threads per core) family 6 model 78 stepping 3, cmov, cx8, fxsr, mmx, sse, sse2, sse3, ssse3, sse4.1, sse4.2, popcnt, avx, avx2, aes, clmul, erms, rtm, 3dnowpref, lzcnt, ht, tsc, tscinvbit, bmi1, bmi2, adx

Memory: 4k page, physical 8265504k(383400k free), swap 21069852k(168k free)

vm_info: Java HotSpot(TM) 64-Bit Server VM (25.202-b08) for windows-amd64 JRE (1.8.0_202-b08), built on Dec 15 2018 19:54:30 by "java_re" with MS VC++ 10.0 (VS2010)

time: Mon Jan 23 17:20:40 2023
timezone: Central Europe Standard Time
elapsed time: 19 seconds (0d 0h 0m 19s)

